2025-11-27 09:25:53 | Rank 0 | INFO | Logging initialized. Log file: logs/rank_0_20251127_092553.log
2025-11-27 09:25:53 | Rank 0 | INFO | Init: rank=0, world_size=1
2025-11-27 09:25:53 | Rank 0 | INFO | [NODE SUMMARY] host=chi-mi325x-pod2-100.ord.vultr.cpe.ice.amd.com node_rank=unknown num_gpus_visible=8 world_size=1
2025-11-27 09:25:53 | Rank 0 | INFO | [RANK MAP] global_rank=0 node_rank=unknown local_rank=0 cuda_device=0 host=chi-mi325x-pod2-100.ord.vultr.cpe.ice.amd.com
2025-11-27 09:25:53 | Rank 0 | INFO | Using CUDA device index 0
2025-11-27 09:25:53 | Rank 0 | INFO | Loading model and tokenizer for: meta-llama/Llama-3.2-1B
2025-11-27 09:25:53 | Rank 0 | INFO | Loading model: meta-llama/Llama-3.2-1B
2025-11-27 09:25:53 | Rank 0 | DEBUG | Starting new HTTPS connection (1): huggingface.co:443
2025-11-27 09:25:53 | Rank 0 | DEBUG | https://huggingface.co:443 "HEAD /meta-llama/Llama-3.2-1B/resolve/main/tokenizer_config.json HTTP/1.1" 401 0
2025-11-27 09:25:54 | Rank 0 | DEBUG | https://huggingface.co:443 "HEAD /meta-llama/Llama-3.2-1B/resolve/main/config.json HTTP/1.1" 401 0
2025-11-27 09:25:54 | Rank 0 | ERROR | Fatal error: You are trying to access a gated repo.
Make sure to have access to it at https://huggingface.co/meta-llama/Llama-3.2-1B.
401 Client Error. (Request ID: Root=1-69281922-1d4774994a2337be4b1e3c9f;556ba4e1-00dd-4004-8cb3-e9fa167e93a2)

Cannot access gated repo for url https://huggingface.co/meta-llama/Llama-3.2-1B/resolve/main/config.json.
Access to model meta-llama/Llama-3.2-1B is restricted. You must have access to it and be authenticated to access it. Please log in.
Traceback (most recent call last):
  File "/home/yangzhou/.local/lib/python3.10/site-packages/huggingface_hub/utils/_http.py", line 402, in hf_raise_for_status
    response.raise_for_status()
  File "/home/yangzhou/.local/lib/python3.10/site-packages/requests/models.py", line 1026, in raise_for_status
    raise HTTPError(http_error_msg, response=self)
requests.exceptions.HTTPError: 401 Client Error: Unauthorized for url: https://huggingface.co/meta-llama/Llama-3.2-1B/resolve/main/config.json

The above exception was the direct cause of the following exception:

Traceback (most recent call last):
  File "/home/yangzhou/.local/lib/python3.10/site-packages/transformers/utils/hub.py", line 479, in cached_files
    hf_hub_download(
  File "/home/yangzhou/.local/lib/python3.10/site-packages/huggingface_hub/utils/_validators.py", line 114, in _inner_fn
    return fn(*args, **kwargs)
  File "/home/yangzhou/.local/lib/python3.10/site-packages/huggingface_hub/file_download.py", line 1007, in hf_hub_download
    return _hf_hub_download_to_cache_dir(
  File "/home/yangzhou/.local/lib/python3.10/site-packages/huggingface_hub/file_download.py", line 1114, in _hf_hub_download_to_cache_dir
    _raise_on_head_call_error(head_call_error, force_download, local_files_only)
  File "/home/yangzhou/.local/lib/python3.10/site-packages/huggingface_hub/file_download.py", line 1655, in _raise_on_head_call_error
    raise head_call_error
  File "/home/yangzhou/.local/lib/python3.10/site-packages/huggingface_hub/file_download.py", line 1543, in _get_metadata_or_catch_error
    metadata = get_hf_file_metadata(
  File "/home/yangzhou/.local/lib/python3.10/site-packages/huggingface_hub/utils/_validators.py", line 114, in _inner_fn
    return fn(*args, **kwargs)
  File "/home/yangzhou/.local/lib/python3.10/site-packages/huggingface_hub/file_download.py", line 1460, in get_hf_file_metadata
    r = _request_wrapper(
  File "/home/yangzhou/.local/lib/python3.10/site-packages/huggingface_hub/file_download.py", line 283, in _request_wrapper
    response = _request_wrapper(
  File "/home/yangzhou/.local/lib/python3.10/site-packages/huggingface_hub/file_download.py", line 307, in _request_wrapper
    hf_raise_for_status(response)
  File "/home/yangzhou/.local/lib/python3.10/site-packages/huggingface_hub/utils/_http.py", line 419, in hf_raise_for_status
    raise _format(GatedRepoError, message, response) from e
huggingface_hub.errors.GatedRepoError: 401 Client Error. (Request ID: Root=1-69281922-1d4774994a2337be4b1e3c9f;556ba4e1-00dd-4004-8cb3-e9fa167e93a2)

Cannot access gated repo for url https://huggingface.co/meta-llama/Llama-3.2-1B/resolve/main/config.json.
Access to model meta-llama/Llama-3.2-1B is restricted. You must have access to it and be authenticated to access it. Please log in.

The above exception was the direct cause of the following exception:

Traceback (most recent call last):
  File "/home/yangzhou/rl_weights_rdma/john/rl-weight-broadcast/ddp_trainer_only_Benchmark.py", line 313, in <module>
    main()
  File "/home/yangzhou/rl_weights_rdma/john/rl-weight-broadcast/ddp_trainer_only_Benchmark.py", line 270, in main
    model, tokenizer = load_model_and_tokenizer(MODEL_NAME)
  File "/home/yangzhou/rl_weights_rdma/john/rl-weight-broadcast/ddp_trainer_only_Benchmark.py", line 32, in load_model_and_tokenizer
    tokenizer = AutoTokenizer.from_pretrained(
  File "/home/yangzhou/.local/lib/python3.10/site-packages/transformers/models/auto/tokenization_auto.py", line 1093, in from_pretrained
    config = AutoConfig.from_pretrained(
  File "/home/yangzhou/.local/lib/python3.10/site-packages/transformers/models/auto/configuration_auto.py", line 1332, in from_pretrained
    config_dict, unused_kwargs = PretrainedConfig.get_config_dict(pretrained_model_name_or_path, **kwargs)
  File "/home/yangzhou/.local/lib/python3.10/site-packages/transformers/configuration_utils.py", line 662, in get_config_dict
    config_dict, kwargs = cls._get_config_dict(pretrained_model_name_or_path, **kwargs)
  File "/home/yangzhou/.local/lib/python3.10/site-packages/transformers/configuration_utils.py", line 721, in _get_config_dict
    resolved_config_file = cached_file(
  File "/home/yangzhou/.local/lib/python3.10/site-packages/transformers/utils/hub.py", line 322, in cached_file
    file = cached_files(path_or_repo_id=path_or_repo_id, filenames=[filename], **kwargs)
  File "/home/yangzhou/.local/lib/python3.10/site-packages/transformers/utils/hub.py", line 543, in cached_files
    raise OSError(
OSError: You are trying to access a gated repo.
Make sure to have access to it at https://huggingface.co/meta-llama/Llama-3.2-1B.
401 Client Error. (Request ID: Root=1-69281922-1d4774994a2337be4b1e3c9f;556ba4e1-00dd-4004-8cb3-e9fa167e93a2)

Cannot access gated repo for url https://huggingface.co/meta-llama/Llama-3.2-1B/resolve/main/config.json.
Access to model meta-llama/Llama-3.2-1B is restricted. You must have access to it and be authenticated to access it. Please log in.
