2025-11-27 09:28:53 | Rank 0 | INFO | Logging initialized. Log file: logs/rank_0_20251127_092853.log
2025-11-27 09:28:53 | Rank 0 | INFO | Init: rank=0, world_size=1
2025-11-27 09:28:53 | Rank 0 | INFO | [NODE SUMMARY] host=chi-mi325x-pod2-100.ord.vultr.cpe.ice.amd.com node_rank=unknown num_gpus_visible=8 world_size=1
2025-11-27 09:28:53 | Rank 0 | INFO | [RANK MAP] global_rank=0 node_rank=unknown local_rank=0 cuda_device=0 host=chi-mi325x-pod2-100.ord.vultr.cpe.ice.amd.com
2025-11-27 09:28:53 | Rank 0 | INFO | Using CUDA device index 0
2025-11-27 09:28:53 | Rank 0 | INFO | Loading model and tokenizer for: qwen-lite
2025-11-27 09:28:53 | Rank 0 | INFO | Loading model: qwen-lite
2025-11-27 09:28:53 | Rank 0 | DEBUG | Starting new HTTPS connection (1): huggingface.co:443
2025-11-27 09:28:53 | Rank 0 | DEBUG | https://huggingface.co:443 "HEAD /qwen-lite/resolve/main/tokenizer_config.json HTTP/1.1" 401 0
2025-11-27 09:28:53 | Rank 0 | ERROR | Fatal error: qwen-lite is not a local folder and is not a valid model identifier listed on 'https://huggingface.co/models'
If this is a private repository, make sure to pass a token having permission to this repo either by logging in with `hf auth login` or by passing `token=<your_token>`
Traceback (most recent call last):
  File "/home/yangzhou/.local/lib/python3.10/site-packages/huggingface_hub/utils/_http.py", line 402, in hf_raise_for_status
    response.raise_for_status()
  File "/home/yangzhou/.local/lib/python3.10/site-packages/requests/models.py", line 1026, in raise_for_status
    raise HTTPError(http_error_msg, response=self)
requests.exceptions.HTTPError: 401 Client Error: Unauthorized for url: https://huggingface.co/qwen-lite/resolve/main/tokenizer_config.json

The above exception was the direct cause of the following exception:

Traceback (most recent call last):
  File "/home/yangzhou/.local/lib/python3.10/site-packages/transformers/utils/hub.py", line 479, in cached_files
    hf_hub_download(
  File "/home/yangzhou/.local/lib/python3.10/site-packages/huggingface_hub/utils/_validators.py", line 114, in _inner_fn
    return fn(*args, **kwargs)
  File "/home/yangzhou/.local/lib/python3.10/site-packages/huggingface_hub/file_download.py", line 1007, in hf_hub_download
    return _hf_hub_download_to_cache_dir(
  File "/home/yangzhou/.local/lib/python3.10/site-packages/huggingface_hub/file_download.py", line 1114, in _hf_hub_download_to_cache_dir
    _raise_on_head_call_error(head_call_error, force_download, local_files_only)
  File "/home/yangzhou/.local/lib/python3.10/site-packages/huggingface_hub/file_download.py", line 1655, in _raise_on_head_call_error
    raise head_call_error
  File "/home/yangzhou/.local/lib/python3.10/site-packages/huggingface_hub/file_download.py", line 1543, in _get_metadata_or_catch_error
    metadata = get_hf_file_metadata(
  File "/home/yangzhou/.local/lib/python3.10/site-packages/huggingface_hub/utils/_validators.py", line 114, in _inner_fn
    return fn(*args, **kwargs)
  File "/home/yangzhou/.local/lib/python3.10/site-packages/huggingface_hub/file_download.py", line 1460, in get_hf_file_metadata
    r = _request_wrapper(
  File "/home/yangzhou/.local/lib/python3.10/site-packages/huggingface_hub/file_download.py", line 283, in _request_wrapper
    response = _request_wrapper(
  File "/home/yangzhou/.local/lib/python3.10/site-packages/huggingface_hub/file_download.py", line 307, in _request_wrapper
    hf_raise_for_status(response)
  File "/home/yangzhou/.local/lib/python3.10/site-packages/huggingface_hub/utils/_http.py", line 452, in hf_raise_for_status
    raise _format(RepositoryNotFoundError, message, response) from e
huggingface_hub.errors.RepositoryNotFoundError: 401 Client Error. (Request ID: Root=1-692819d5-54d04f186a4ca8c952cdff47;844d9f59-8106-4e38-92c3-5ce6f09f099a)

Repository Not Found for url: https://huggingface.co/qwen-lite/resolve/main/tokenizer_config.json.
Please make sure you specified the correct `repo_id` and `repo_type`.
If you are trying to access a private or gated repo, make sure you are authenticated. For more details, see https://huggingface.co/docs/huggingface_hub/authentication
Invalid username or password.

The above exception was the direct cause of the following exception:

Traceback (most recent call last):
  File "/home/yangzhou/rl_weights_rdma/john/rl-weight-broadcast/ddp_trainer_only_Benchmark.py", line 313, in <module>
    main()
  File "/home/yangzhou/rl_weights_rdma/john/rl-weight-broadcast/ddp_trainer_only_Benchmark.py", line 270, in main
    model, tokenizer = load_model_and_tokenizer(MODEL_NAME)
  File "/home/yangzhou/rl_weights_rdma/john/rl-weight-broadcast/ddp_trainer_only_Benchmark.py", line 32, in load_model_and_tokenizer
    tokenizer = AutoTokenizer.from_pretrained(
  File "/home/yangzhou/.local/lib/python3.10/site-packages/transformers/models/auto/tokenization_auto.py", line 1073, in from_pretrained
    tokenizer_config = get_tokenizer_config(pretrained_model_name_or_path, **kwargs)
  File "/home/yangzhou/.local/lib/python3.10/site-packages/transformers/models/auto/tokenization_auto.py", line 905, in get_tokenizer_config
    resolved_config_file = cached_file(
  File "/home/yangzhou/.local/lib/python3.10/site-packages/transformers/utils/hub.py", line 322, in cached_file
    file = cached_files(path_or_repo_id=path_or_repo_id, filenames=[filename], **kwargs)
  File "/home/yangzhou/.local/lib/python3.10/site-packages/transformers/utils/hub.py", line 511, in cached_files
    raise OSError(
OSError: qwen-lite is not a local folder and is not a valid model identifier listed on 'https://huggingface.co/models'
If this is a private repository, make sure to pass a token having permission to this repo either by logging in with `hf auth login` or by passing `token=<your_token>`
